2022-05-26 13:59:01.539  INFO 6755 --- [main] c.d.m.billingservice.BillingApplication  : Starting BillingApplication on makeboluo.local with PID 6755 (/Users/lvaolin/code_github.com/study/fighting-framework/spring-boot-starter-demo/dhy-billing-service/target/classes started by lvaolin in /Users/lvaolin/code_github.com/study/fighting-framework/spring-boot-starter-demo)
2022-05-26 13:59:01.562  INFO 6755 --- [main] c.d.m.billingservice.BillingApplication  : No active profile set, falling back to default profiles: default
2022-05-26 13:59:44.270  INFO 6755 --- [main] .s.d.r.c.RepositoryConfigurationDelegate : Multiple Spring Data modules found, entering strict repository configuration mode!
2022-05-26 13:59:44.273  INFO 6755 --- [main] .s.d.r.c.RepositoryConfigurationDelegate : Bootstrapping Spring Data Redis repositories in DEFAULT mode.
2022-05-26 13:59:44.334  INFO 6755 --- [main] .s.d.r.c.RepositoryConfigurationDelegate : Finished Spring Data repository scanning in 35ms. Found 0 Redis repository interfaces.
2022-05-26 13:59:48.954  INFO 6755 --- [main] o.s.b.w.embedded.tomcat.TomcatWebServer  : Tomcat initialized with port(s): 8081 (http)
2022-05-26 13:59:48.974  INFO 6755 --- [main] o.apache.catalina.core.StandardService   : Starting service [Tomcat]
2022-05-26 13:59:48.975  INFO 6755 --- [main] org.apache.catalina.core.StandardEngine  : Starting Servlet engine: [Apache Tomcat/9.0.39]
2022-05-26 13:59:49.127  INFO 6755 --- [main] o.a.c.c.C.[Tomcat].[localhost].[/v1]     : Initializing Spring embedded WebApplicationContext
2022-05-26 13:59:49.131  INFO 6755 --- [main] w.s.c.ServletWebServerApplicationContext : Root WebApplicationContext: initialization completed in 47448 ms
2022-05-26 13:59:50.189  INFO 6755 --- [main] org.redisson.Version                     : Redisson 3.15.4
2022-05-26 13:59:50.832  WARN 6755 --- [main] ConfigServletWebServerApplicationContext : Exception encountered during context initialization - cancelling refresh attempt: org.springframework.beans.factory.UnsatisfiedDependencyException: Error creating bean with name 'myController': Unsatisfied dependency expressed through field 'myService'; nested exception is org.springframework.beans.factory.UnsatisfiedDependencyException: Error creating bean with name 'myServiceImpl': Unsatisfied dependency expressed through field 'redisTemplate'; nested exception is org.springframework.beans.factory.UnsatisfiedDependencyException: Error creating bean with name 'redisTemplate' defined in class path resource [org/redisson/spring/starter/RedissonAutoConfiguration.class]: Unsatisfied dependency expressed through method 'redisTemplate' parameter 0; nested exception is org.springframework.beans.factory.UnsatisfiedDependencyException: Error creating bean with name 'redissonConnectionFactory' defined in class path resource [org/redisson/spring/starter/RedissonAutoConfiguration.class]: Unsatisfied dependency expressed through method 'redissonConnectionFactory' parameter 0; nested exception is org.springframework.beans.factory.BeanCreationException: Error creating bean with name 'redisson' defined in class path resource [org/redisson/spring/starter/RedissonAutoConfiguration.class]: Bean instantiation via factory method failed; nested exception is org.springframework.beans.BeanInstantiationException: Failed to instantiate [org.redisson.api.RedissonClient]: Factory method 'redisson' threw exception; nested exception is org.redisson.client.RedisConnectionException: Unable to connect to Redis server: /127.0.0.1:6379
2022-05-26 13:59:50.837  INFO 6755 --- [main] o.apache.catalina.core.StandardService   : Stopping service [Tomcat]
2022-05-26 13:59:50.840  INFO 6755 --- [main] com.dhy.mlife.common.configure.MyFilter  : --- FilterResponseTime destroy ---
2022-05-26 13:59:50.876  INFO 6755 --- [main] ConditionEvaluationReportLoggingListener : 

Error starting ApplicationContext. To display the conditions report re-run your application with 'debug' enabled.
2022-05-26 13:59:50.898 ERROR 6755 --- [main] o.s.boot.SpringApplication               : Application run failed

org.springframework.beans.factory.UnsatisfiedDependencyException: Error creating bean with name 'myController': Unsatisfied dependency expressed through field 'myService'; nested exception is org.springframework.beans.factory.UnsatisfiedDependencyException: Error creating bean with name 'myServiceImpl': Unsatisfied dependency expressed through field 'redisTemplate'; nested exception is org.springframework.beans.factory.UnsatisfiedDependencyException: Error creating bean with name 'redisTemplate' defined in class path resource [org/redisson/spring/starter/RedissonAutoConfiguration.class]: Unsatisfied dependency expressed through method 'redisTemplate' parameter 0; nested exception is org.springframework.beans.factory.UnsatisfiedDependencyException: Error creating bean with name 'redissonConnectionFactory' defined in class path resource [org/redisson/spring/starter/RedissonAutoConfiguration.class]: Unsatisfied dependency expressed through method 'redissonConnectionFactory' parameter 0; nested exception is org.springframework.beans.factory.BeanCreationException: Error creating bean with name 'redisson' defined in class path resource [org/redisson/spring/starter/RedissonAutoConfiguration.class]: Bean instantiation via factory method failed; nested exception is org.springframework.beans.BeanInstantiationException: Failed to instantiate [org.redisson.api.RedissonClient]: Factory method 'redisson' threw exception; nested exception is org.redisson.client.RedisConnectionException: Unable to connect to Redis server: /127.0.0.1:6379
	at org.springframework.beans.factory.annotation.AutowiredAnnotationBeanPostProcessor$AutowiredFieldElement.inject(AutowiredAnnotationBeanPostProcessor.java:643) ~[spring-beans-5.2.10.RELEASE.jar:5.2.10.RELEASE]
	at org.springframework.beans.factory.annotation.InjectionMetadata.inject(InjectionMetadata.java:130) ~[spring-beans-5.2.10.RELEASE.jar:5.2.10.RELEASE]
	at org.springframework.beans.factory.annotation.AutowiredAnnotationBeanPostProcessor.postProcessProperties(AutowiredAnnotationBeanPostProcessor.java:399) ~[spring-beans-5.2.10.RELEASE.jar:5.2.10.RELEASE]
	at org.springframework.beans.factory.support.AbstractAutowireCapableBeanFactory.populateBean(AbstractAutowireCapableBeanFactory.java:1420) ~[spring-beans-5.2.10.RELEASE.jar:5.2.10.RELEASE]
	at org.springframework.beans.factory.support.AbstractAutowireCapableBeanFactory.doCreateBean(AbstractAutowireCapableBeanFactory.java:593) ~[spring-beans-5.2.10.RELEASE.jar:5.2.10.RELEASE]
	at org.springframework.beans.factory.support.AbstractAutowireCapableBeanFactory.createBean(AbstractAutowireCapableBeanFactory.java:516) ~[spring-beans-5.2.10.RELEASE.jar:5.2.10.RELEASE]
	at org.springframework.beans.factory.support.AbstractBeanFactory.lambda$doGetBean$0(AbstractBeanFactory.java:324) ~[spring-beans-5.2.10.RELEASE.jar:5.2.10.RELEASE]
	at org.springframework.beans.factory.support.DefaultSingletonBeanRegistry.getSingleton(DefaultSingletonBeanRegistry.java:234) ~[spring-beans-5.2.10.RELEASE.jar:5.2.10.RELEASE]
	at org.springframework.beans.factory.support.AbstractBeanFactory.doGetBean(AbstractBeanFactory.java:322) ~[spring-beans-5.2.10.RELEASE.jar:5.2.10.RELEASE]
	at org.springframework.beans.factory.support.AbstractBeanFactory.getBean(AbstractBeanFactory.java:202) ~[spring-beans-5.2.10.RELEASE.jar:5.2.10.RELEASE]
	at org.springframework.beans.factory.support.DefaultListableBeanFactory.preInstantiateSingletons(DefaultListableBeanFactory.java:897) ~[spring-beans-5.2.10.RELEASE.jar:5.2.10.RELEASE]
	at org.springframework.context.support.AbstractApplicationContext.finishBeanFactoryInitialization(AbstractApplicationContext.java:879) ~[spring-context-5.2.10.RELEASE.jar:5.2.10.RELEASE]
	at org.springframework.context.support.AbstractApplicationContext.refresh(AbstractApplicationContext.java:551) ~[spring-context-5.2.10.RELEASE.jar:5.2.10.RELEASE]
	at org.springframework.boot.web.servlet.context.ServletWebServerApplicationContext.refresh(ServletWebServerApplicationContext.java:143) ~[spring-boot-2.3.5.RELEASE.jar:2.3.5.RELEASE]
	at org.springframework.boot.SpringApplication.refresh(SpringApplication.java:758) [spring-boot-2.3.5.RELEASE.jar:2.3.5.RELEASE]
	at org.springframework.boot.SpringApplication.refresh(SpringApplication.java:750) [spring-boot-2.3.5.RELEASE.jar:2.3.5.RELEASE]
	at org.springframework.boot.SpringApplication.refreshContext(SpringApplication.java:405) [spring-boot-2.3.5.RELEASE.jar:2.3.5.RELEASE]
	at org.springframework.boot.SpringApplication.run(SpringApplication.java:315) [spring-boot-2.3.5.RELEASE.jar:2.3.5.RELEASE]
	at org.springframework.boot.SpringApplication.run(SpringApplication.java:1237) [spring-boot-2.3.5.RELEASE.jar:2.3.5.RELEASE]
	at org.springframework.boot.SpringApplication.run(SpringApplication.java:1226) [spring-boot-2.3.5.RELEASE.jar:2.3.5.RELEASE]
	at com.dhy.mlife.billingservice.BillingApplication.main(BillingApplication.java:14) [classes/:na]
Caused by: org.springframework.beans.factory.UnsatisfiedDependencyException: Error creating bean with name 'myServiceImpl': Unsatisfied dependency expressed through field 'redisTemplate'; nested exception is org.springframework.beans.factory.UnsatisfiedDependencyException: Error creating bean with name 'redisTemplate' defined in class path resource [org/redisson/spring/starter/RedissonAutoConfiguration.class]: Unsatisfied dependency expressed through method 'redisTemplate' parameter 0; nested exception is org.springframework.beans.factory.UnsatisfiedDependencyException: Error creating bean with name 'redissonConnectionFactory' defined in class path resource [org/redisson/spring/starter/RedissonAutoConfiguration.class]: Unsatisfied dependency expressed through method 'redissonConnectionFactory' parameter 0; nested exception is org.springframework.beans.factory.BeanCreationException: Error creating bean with name 'redisson' defined in class path resource [org/redisson/spring/starter/RedissonAutoConfiguration.class]: Bean instantiation via factory method failed; nested exception is org.springframework.beans.BeanInstantiationException: Failed to instantiate [org.redisson.api.RedissonClient]: Factory method 'redisson' threw exception; nested exception is org.redisson.client.RedisConnectionException: Unable to connect to Redis server: /127.0.0.1:6379
	at org.springframework.beans.factory.annotation.AutowiredAnnotationBeanPostProcessor$AutowiredFieldElement.inject(AutowiredAnnotationBeanPostProcessor.java:643) ~[spring-beans-5.2.10.RELEASE.jar:5.2.10.RELEASE]
	at org.springframework.beans.factory.annotation.InjectionMetadata.inject(InjectionMetadata.java:130) ~[spring-beans-5.2.10.RELEASE.jar:5.2.10.RELEASE]
	at org.springframework.beans.factory.annotation.AutowiredAnnotationBeanPostProcessor.postProcessProperties(AutowiredAnnotationBeanPostProcessor.java:399) ~[spring-beans-5.2.10.RELEASE.jar:5.2.10.RELEASE]
	at org.springframework.beans.factory.support.AbstractAutowireCapableBeanFactory.populateBean(AbstractAutowireCapableBeanFactory.java:1420) ~[spring-beans-5.2.10.RELEASE.jar:5.2.10.RELEASE]
	at org.springframework.beans.factory.support.AbstractAutowireCapableBeanFactory.doCreateBean(AbstractAutowireCapableBeanFactory.java:593) ~[spring-beans-5.2.10.RELEASE.jar:5.2.10.RELEASE]
	at org.springframework.beans.factory.support.AbstractAutowireCapableBeanFactory.createBean(AbstractAutowireCapableBeanFactory.java:516) ~[spring-beans-5.2.10.RELEASE.jar:5.2.10.RELEASE]
	at org.springframework.beans.factory.support.AbstractBeanFactory.lambda$doGetBean$0(AbstractBeanFactory.java:324) ~[spring-beans-5.2.10.RELEASE.jar:5.2.10.RELEASE]
	at org.springframework.beans.factory.support.DefaultSingletonBeanRegistry.getSingleton(DefaultSingletonBeanRegistry.java:234) ~[spring-beans-5.2.10.RELEASE.jar:5.2.10.RELEASE]
	at org.springframework.beans.factory.support.AbstractBeanFactory.doGetBean(AbstractBeanFactory.java:322) ~[spring-beans-5.2.10.RELEASE.jar:5.2.10.RELEASE]
	at org.springframework.beans.factory.support.AbstractBeanFactory.getBean(AbstractBeanFactory.java:202) ~[spring-beans-5.2.10.RELEASE.jar:5.2.10.RELEASE]
	at org.springframework.beans.factory.config.DependencyDescriptor.resolveCandidate(DependencyDescriptor.java:276) ~[spring-beans-5.2.10.RELEASE.jar:5.2.10.RELEASE]
	at org.springframework.beans.factory.support.DefaultListableBeanFactory.doResolveDependency(DefaultListableBeanFactory.java:1307) ~[spring-beans-5.2.10.RELEASE.jar:5.2.10.RELEASE]
	at org.springframework.beans.factory.support.DefaultListableBeanFactory.resolveDependency(DefaultListableBeanFactory.java:1227) ~[spring-beans-5.2.10.RELEASE.jar:5.2.10.RELEASE]
	at org.springframework.beans.factory.annotation.AutowiredAnnotationBeanPostProcessor$AutowiredFieldElement.inject(AutowiredAnnotationBeanPostProcessor.java:640) ~[spring-beans-5.2.10.RELEASE.jar:5.2.10.RELEASE]
	... 20 common frames omitted
Caused by: org.springframework.beans.factory.UnsatisfiedDependencyException: Error creating bean with name 'redisTemplate' defined in class path resource [org/redisson/spring/starter/RedissonAutoConfiguration.class]: Unsatisfied dependency expressed through method 'redisTemplate' parameter 0; nested exception is org.springframework.beans.factory.UnsatisfiedDependencyException: Error creating bean with name 'redissonConnectionFactory' defined in class path resource [org/redisson/spring/starter/RedissonAutoConfiguration.class]: Unsatisfied dependency expressed through method 'redissonConnectionFactory' parameter 0; nested exception is org.springframework.beans.factory.BeanCreationException: Error creating bean with name 'redisson' defined in class path resource [org/redisson/spring/starter/RedissonAutoConfiguration.class]: Bean instantiation via factory method failed; nested exception is org.springframework.beans.BeanInstantiationException: Failed to instantiate [org.redisson.api.RedissonClient]: Factory method 'redisson' threw exception; nested exception is org.redisson.client.RedisConnectionException: Unable to connect to Redis server: /127.0.0.1:6379
	at org.springframework.beans.factory.support.ConstructorResolver.createArgumentArray(ConstructorResolver.java:797) ~[spring-beans-5.2.10.RELEASE.jar:5.2.10.RELEASE]
	at org.springframework.beans.factory.support.ConstructorResolver.instantiateUsingFactoryMethod(ConstructorResolver.java:538) ~[spring-beans-5.2.10.RELEASE.jar:5.2.10.RELEASE]
	at org.springframework.beans.factory.support.AbstractAutowireCapableBeanFactory.instantiateUsingFactoryMethod(AbstractAutowireCapableBeanFactory.java:1336) ~[spring-beans-5.2.10.RELEASE.jar:5.2.10.RELEASE]
	at org.springframework.beans.factory.support.AbstractAutowireCapableBeanFactory.createBeanInstance(AbstractAutowireCapableBeanFactory.java:1176) ~[spring-beans-5.2.10.RELEASE.jar:5.2.10.RELEASE]
	at org.springframework.beans.factory.support.AbstractAutowireCapableBeanFactory.doCreateBean(AbstractAutowireCapableBeanFactory.java:556) ~[spring-beans-5.2.10.RELEASE.jar:5.2.10.RELEASE]
	at org.springframework.beans.factory.support.AbstractAutowireCapableBeanFactory.createBean(AbstractAutowireCapableBeanFactory.java:516) ~[spring-beans-5.2.10.RELEASE.jar:5.2.10.RELEASE]
	at org.springframework.beans.factory.support.AbstractBeanFactory.lambda$doGetBean$0(AbstractBeanFactory.java:324) ~[spring-beans-5.2.10.RELEASE.jar:5.2.10.RELEASE]
	at org.springframework.beans.factory.support.DefaultSingletonBeanRegistry.getSingleton(DefaultSingletonBeanRegistry.java:234) ~[spring-beans-5.2.10.RELEASE.jar:5.2.10.RELEASE]
	at org.springframework.beans.factory.support.AbstractBeanFactory.doGetBean(AbstractBeanFactory.java:322) ~[spring-beans-5.2.10.RELEASE.jar:5.2.10.RELEASE]
	at org.springframework.beans.factory.support.AbstractBeanFactory.getBean(AbstractBeanFactory.java:202) ~[spring-beans-5.2.10.RELEASE.jar:5.2.10.RELEASE]
	at org.springframework.beans.factory.config.DependencyDescriptor.resolveCandidate(DependencyDescriptor.java:276) ~[spring-beans-5.2.10.RELEASE.jar:5.2.10.RELEASE]
	at org.springframework.beans.factory.support.DefaultListableBeanFactory.doResolveDependency(DefaultListableBeanFactory.java:1307) ~[spring-beans-5.2.10.RELEASE.jar:5.2.10.RELEASE]
	at org.springframework.beans.factory.support.DefaultListableBeanFactory.resolveDependency(DefaultListableBeanFactory.java:1227) ~[spring-beans-5.2.10.RELEASE.jar:5.2.10.RELEASE]
	at org.springframework.beans.factory.annotation.AutowiredAnnotationBeanPostProcessor$AutowiredFieldElement.inject(AutowiredAnnotationBeanPostProcessor.java:640) ~[spring-beans-5.2.10.RELEASE.jar:5.2.10.RELEASE]
	... 33 common frames omitted
Caused by: org.springframework.beans.factory.UnsatisfiedDependencyException: Error creating bean with name 'redissonConnectionFactory' defined in class path resource [org/redisson/spring/starter/RedissonAutoConfiguration.class]: Unsatisfied dependency expressed through method 'redissonConnectionFactory' parameter 0; nested exception is org.springframework.beans.factory.BeanCreationException: Error creating bean with name 'redisson' defined in class path resource [org/redisson/spring/starter/RedissonAutoConfiguration.class]: Bean instantiation via factory method failed; nested exception is org.springframework.beans.BeanInstantiationException: Failed to instantiate [org.redisson.api.RedissonClient]: Factory method 'redisson' threw exception; nested exception is org.redisson.client.RedisConnectionException: Unable to connect to Redis server: /127.0.0.1:6379
	at org.springframework.beans.factory.support.ConstructorResolver.createArgumentArray(ConstructorResolver.java:797) ~[spring-beans-5.2.10.RELEASE.jar:5.2.10.RELEASE]
	at org.springframework.beans.factory.support.ConstructorResolver.instantiateUsingFactoryMethod(ConstructorResolver.java:538) ~[spring-beans-5.2.10.RELEASE.jar:5.2.10.RELEASE]
	at org.springframework.beans.factory.support.AbstractAutowireCapableBeanFactory.instantiateUsingFactoryMethod(AbstractAutowireCapableBeanFactory.java:1336) ~[spring-beans-5.2.10.RELEASE.jar:5.2.10.RELEASE]
	at org.springframework.beans.factory.support.AbstractAutowireCapableBeanFactory.createBeanInstance(AbstractAutowireCapableBeanFactory.java:1176) ~[spring-beans-5.2.10.RELEASE.jar:5.2.10.RELEASE]
	at org.springframework.beans.factory.support.AbstractAutowireCapableBeanFactory.doCreateBean(AbstractAutowireCapableBeanFactory.java:556) ~[spring-beans-5.2.10.RELEASE.jar:5.2.10.RELEASE]
	at org.springframework.beans.factory.support.AbstractAutowireCapableBeanFactory.createBean(AbstractAutowireCapableBeanFactory.java:516) ~[spring-beans-5.2.10.RELEASE.jar:5.2.10.RELEASE]
	at org.springframework.beans.factory.support.AbstractBeanFactory.lambda$doGetBean$0(AbstractBeanFactory.java:324) ~[spring-beans-5.2.10.RELEASE.jar:5.2.10.RELEASE]
	at org.springframework.beans.factory.support.DefaultSingletonBeanRegistry.getSingleton(DefaultSingletonBeanRegistry.java:234) ~[spring-beans-5.2.10.RELEASE.jar:5.2.10.RELEASE]
	at org.springframework.beans.factory.support.AbstractBeanFactory.doGetBean(AbstractBeanFactory.java:322) ~[spring-beans-5.2.10.RELEASE.jar:5.2.10.RELEASE]
	at org.springframework.beans.factory.support.AbstractBeanFactory.getBean(AbstractBeanFactory.java:202) ~[spring-beans-5.2.10.RELEASE.jar:5.2.10.RELEASE]
	at org.springframework.beans.factory.config.DependencyDescriptor.resolveCandidate(DependencyDescriptor.java:276) ~[spring-beans-5.2.10.RELEASE.jar:5.2.10.RELEASE]
	at org.springframework.beans.factory.support.DefaultListableBeanFactory.doResolveDependency(DefaultListableBeanFactory.java:1307) ~[spring-beans-5.2.10.RELEASE.jar:5.2.10.RELEASE]
	at org.springframework.beans.factory.support.DefaultListableBeanFactory.resolveDependency(DefaultListableBeanFactory.java:1227) ~[spring-beans-5.2.10.RELEASE.jar:5.2.10.RELEASE]
	at org.springframework.beans.factory.support.ConstructorResolver.resolveAutowiredArgument(ConstructorResolver.java:884) ~[spring-beans-5.2.10.RELEASE.jar:5.2.10.RELEASE]
	at org.springframework.beans.factory.support.ConstructorResolver.createArgumentArray(ConstructorResolver.java:788) ~[spring-beans-5.2.10.RELEASE.jar:5.2.10.RELEASE]
	... 46 common frames omitted
Caused by: org.springframework.beans.factory.BeanCreationException: Error creating bean with name 'redisson' defined in class path resource [org/redisson/spring/starter/RedissonAutoConfiguration.class]: Bean instantiation via factory method failed; nested exception is org.springframework.beans.BeanInstantiationException: Failed to instantiate [org.redisson.api.RedissonClient]: Factory method 'redisson' threw exception; nested exception is org.redisson.client.RedisConnectionException: Unable to connect to Redis server: /127.0.0.1:6379
	at org.springframework.beans.factory.support.ConstructorResolver.instantiate(ConstructorResolver.java:655) ~[spring-beans-5.2.10.RELEASE.jar:5.2.10.RELEASE]
	at org.springframework.beans.factory.support.ConstructorResolver.instantiateUsingFactoryMethod(ConstructorResolver.java:483) ~[spring-beans-5.2.10.RELEASE.jar:5.2.10.RELEASE]
	at org.springframework.beans.factory.support.AbstractAutowireCapableBeanFactory.instantiateUsingFactoryMethod(AbstractAutowireCapableBeanFactory.java:1336) ~[spring-beans-5.2.10.RELEASE.jar:5.2.10.RELEASE]
	at org.springframework.beans.factory.support.AbstractAutowireCapableBeanFactory.createBeanInstance(AbstractAutowireCapableBeanFactory.java:1176) ~[spring-beans-5.2.10.RELEASE.jar:5.2.10.RELEASE]
	at org.springframework.beans.factory.support.AbstractAutowireCapableBeanFactory.doCreateBean(AbstractAutowireCapableBeanFactory.java:556) ~[spring-beans-5.2.10.RELEASE.jar:5.2.10.RELEASE]
	at org.springframework.beans.factory.support.AbstractAutowireCapableBeanFactory.createBean(AbstractAutowireCapableBeanFactory.java:516) ~[spring-beans-5.2.10.RELEASE.jar:5.2.10.RELEASE]
	at org.springframework.beans.factory.support.AbstractBeanFactory.lambda$doGetBean$0(AbstractBeanFactory.java:324) ~[spring-beans-5.2.10.RELEASE.jar:5.2.10.RELEASE]
	at org.springframework.beans.factory.support.DefaultSingletonBeanRegistry.getSingleton(DefaultSingletonBeanRegistry.java:234) ~[spring-beans-5.2.10.RELEASE.jar:5.2.10.RELEASE]
	at org.springframework.beans.factory.support.AbstractBeanFactory.doGetBean(AbstractBeanFactory.java:322) ~[spring-beans-5.2.10.RELEASE.jar:5.2.10.RELEASE]
	at org.springframework.beans.factory.support.AbstractBeanFactory.getBean(AbstractBeanFactory.java:202) ~[spring-beans-5.2.10.RELEASE.jar:5.2.10.RELEASE]
	at org.springframework.beans.factory.config.DependencyDescriptor.resolveCandidate(DependencyDescriptor.java:276) ~[spring-beans-5.2.10.RELEASE.jar:5.2.10.RELEASE]
	at org.springframework.beans.factory.support.DefaultListableBeanFactory.doResolveDependency(DefaultListableBeanFactory.java:1307) ~[spring-beans-5.2.10.RELEASE.jar:5.2.10.RELEASE]
	at org.springframework.beans.factory.support.DefaultListableBeanFactory.resolveDependency(DefaultListableBeanFactory.java:1227) ~[spring-beans-5.2.10.RELEASE.jar:5.2.10.RELEASE]
	at org.springframework.beans.factory.support.ConstructorResolver.resolveAutowiredArgument(ConstructorResolver.java:884) ~[spring-beans-5.2.10.RELEASE.jar:5.2.10.RELEASE]
	at org.springframework.beans.factory.support.ConstructorResolver.createArgumentArray(ConstructorResolver.java:788) ~[spring-beans-5.2.10.RELEASE.jar:5.2.10.RELEASE]
	... 60 common frames omitted
Caused by: org.springframework.beans.BeanInstantiationException: Failed to instantiate [org.redisson.api.RedissonClient]: Factory method 'redisson' threw exception; nested exception is org.redisson.client.RedisConnectionException: Unable to connect to Redis server: /127.0.0.1:6379
	at org.springframework.beans.factory.support.SimpleInstantiationStrategy.instantiate(SimpleInstantiationStrategy.java:185) ~[spring-beans-5.2.10.RELEASE.jar:5.2.10.RELEASE]
	at org.springframework.beans.factory.support.ConstructorResolver.instantiate(ConstructorResolver.java:650) ~[spring-beans-5.2.10.RELEASE.jar:5.2.10.RELEASE]
	... 74 common frames omitted
Caused by: org.redisson.client.RedisConnectionException: Unable to connect to Redis server: /127.0.0.1:6379
	at org.redisson.connection.pool.ConnectionPool$1.lambda$run$0(ConnectionPool.java:158) ~[redisson-3.15.4.jar:3.15.4]
	at org.redisson.misc.RedissonPromise.lambda$onComplete$0(RedissonPromise.java:183) ~[redisson-3.15.4.jar:3.15.4]
	at io.netty.util.concurrent.DefaultPromise.notifyListener0(DefaultPromise.java:577) ~[netty-common-4.1.53.Final.jar:4.1.53.Final]
	at io.netty.util.concurrent.DefaultPromise.notifyListenersNow(DefaultPromise.java:551) ~[netty-common-4.1.53.Final.jar:4.1.53.Final]
	at io.netty.util.concurrent.DefaultPromise.notifyListeners(DefaultPromise.java:490) ~[netty-common-4.1.53.Final.jar:4.1.53.Final]
	at io.netty.util.concurrent.DefaultPromise.setValue0(DefaultPromise.java:615) ~[netty-common-4.1.53.Final.jar:4.1.53.Final]
	at io.netty.util.concurrent.DefaultPromise.setFailure0(DefaultPromise.java:608) ~[netty-common-4.1.53.Final.jar:4.1.53.Final]
	at io.netty.util.concurrent.DefaultPromise.tryFailure(DefaultPromise.java:117) ~[netty-common-4.1.53.Final.jar:4.1.53.Final]
	at org.redisson.misc.RedissonPromise.tryFailure(RedissonPromise.java:96) ~[redisson-3.15.4.jar:3.15.4]
	at org.redisson.connection.pool.ConnectionPool.promiseFailure(ConnectionPool.java:328) ~[redisson-3.15.4.jar:3.15.4]
	at org.redisson.connection.pool.ConnectionPool.lambda$createConnection$1(ConnectionPool.java:294) ~[redisson-3.15.4.jar:3.15.4]
	at org.redisson.misc.RedissonPromise.lambda$onComplete$0(RedissonPromise.java:183) ~[redisson-3.15.4.jar:3.15.4]
	at io.netty.util.concurrent.DefaultPromise.notifyListener0(DefaultPromise.java:577) ~[netty-common-4.1.53.Final.jar:4.1.53.Final]
	at io.netty.util.concurrent.DefaultPromise.notifyListeners0(DefaultPromise.java:570) ~[netty-common-4.1.53.Final.jar:4.1.53.Final]
	at io.netty.util.concurrent.DefaultPromise.notifyListenersNow(DefaultPromise.java:549) ~[netty-common-4.1.53.Final.jar:4.1.53.Final]
	at io.netty.util.concurrent.DefaultPromise.notifyListeners(DefaultPromise.java:490) ~[netty-common-4.1.53.Final.jar:4.1.53.Final]
	at io.netty.util.concurrent.DefaultPromise.setValue0(DefaultPromise.java:615) ~[netty-common-4.1.53.Final.jar:4.1.53.Final]
	at io.netty.util.concurrent.DefaultPromise.setFailure0(DefaultPromise.java:608) ~[netty-common-4.1.53.Final.jar:4.1.53.Final]
	at io.netty.util.concurrent.DefaultPromise.tryFailure(DefaultPromise.java:117) ~[netty-common-4.1.53.Final.jar:4.1.53.Final]
	at org.redisson.misc.RedissonPromise.tryFailure(RedissonPromise.java:96) ~[redisson-3.15.4.jar:3.15.4]
	at org.redisson.client.RedisClient$2$2.run(RedisClient.java:250) ~[redisson-3.15.4.jar:3.15.4]
	at io.netty.util.concurrent.AbstractEventExecutor.safeExecute$$$capture(AbstractEventExecutor.java:164) ~[netty-common-4.1.53.Final.jar:4.1.53.Final]
	at io.netty.util.concurrent.AbstractEventExecutor.safeExecute(AbstractEventExecutor.java) ~[netty-common-4.1.53.Final.jar:4.1.53.Final]
	at io.netty.util.concurrent.SingleThreadEventExecutor.runAllTasks(SingleThreadEventExecutor.java:472) ~[netty-common-4.1.53.Final.jar:4.1.53.Final]
	at io.netty.channel.nio.NioEventLoop.run(NioEventLoop.java:500) ~[netty-transport-4.1.53.Final.jar:4.1.53.Final]
	at io.netty.util.concurrent.SingleThreadEventExecutor$4.run(SingleThreadEventExecutor.java:989) ~[netty-common-4.1.53.Final.jar:4.1.53.Final]
	at io.netty.util.internal.ThreadExecutorMap$2.run(ThreadExecutorMap.java:74) ~[netty-common-4.1.53.Final.jar:4.1.53.Final]
	at io.netty.util.concurrent.FastThreadLocalRunnable.run(FastThreadLocalRunnable.java:30) ~[netty-common-4.1.53.Final.jar:4.1.53.Final]
	at java.lang.Thread.run(Thread.java:748) ~[na:1.8.0_144]
Caused by: io.netty.channel.AbstractChannel$AnnotatedConnectException: Connection refused: /127.0.0.1:6379
Caused by: java.net.ConnectException: Connection refused
	at sun.nio.ch.SocketChannelImpl.checkConnect(Native Method) ~[na:1.8.0_144]
	at sun.nio.ch.SocketChannelImpl.finishConnect(SocketChannelImpl.java:717) ~[na:1.8.0_144]
	at io.netty.channel.socket.nio.NioSocketChannel.doFinishConnect(NioSocketChannel.java:330) ~[netty-transport-4.1.53.Final.jar:4.1.53.Final]
	at io.netty.channel.nio.AbstractNioChannel$AbstractNioUnsafe.finishConnect(AbstractNioChannel.java:334) ~[netty-transport-4.1.53.Final.jar:4.1.53.Final]
	at io.netty.channel.nio.NioEventLoop.processSelectedKey(NioEventLoop.java:702) ~[netty-transport-4.1.53.Final.jar:4.1.53.Final]
	at io.netty.channel.nio.NioEventLoop.processSelectedKeysOptimized(NioEventLoop.java:650) ~[netty-transport-4.1.53.Final.jar:4.1.53.Final]
	at io.netty.channel.nio.NioEventLoop.processSelectedKeys(NioEventLoop.java:576) ~[netty-transport-4.1.53.Final.jar:4.1.53.Final]
	at io.netty.channel.nio.NioEventLoop.run(NioEventLoop.java:493) ~[netty-transport-4.1.53.Final.jar:4.1.53.Final]
	at io.netty.util.concurrent.SingleThreadEventExecutor$4.run(SingleThreadEventExecutor.java:989) ~[netty-common-4.1.53.Final.jar:4.1.53.Final]
	at io.netty.util.internal.ThreadExecutorMap$2.run(ThreadExecutorMap.java:74) ~[netty-common-4.1.53.Final.jar:4.1.53.Final]
	at io.netty.util.concurrent.FastThreadLocalRunnable.run(FastThreadLocalRunnable.java:30) ~[netty-common-4.1.53.Final.jar:4.1.53.Final]
	at java.lang.Thread.run(Thread.java:748) ~[na:1.8.0_144]

2022-05-26 14:00:24.328  INFO 6788 --- [main] c.d.m.billingservice.BillingApplication  : Starting BillingApplication on makeboluo.local with PID 6788 (/Users/lvaolin/code_github.com/study/fighting-framework/spring-boot-starter-demo/dhy-billing-service/target/classes started by lvaolin in /Users/lvaolin/code_github.com/study/fighting-framework/spring-boot-starter-demo)
2022-05-26 14:00:24.335  INFO 6788 --- [main] c.d.m.billingservice.BillingApplication  : No active profile set, falling back to default profiles: default
2022-05-26 14:00:31.152  INFO 6788 --- [main] .s.d.r.c.RepositoryConfigurationDelegate : Multiple Spring Data modules found, entering strict repository configuration mode!
2022-05-26 14:00:31.154  INFO 6788 --- [main] .s.d.r.c.RepositoryConfigurationDelegate : Bootstrapping Spring Data Redis repositories in DEFAULT mode.
2022-05-26 14:00:31.222  INFO 6788 --- [main] .s.d.r.c.RepositoryConfigurationDelegate : Finished Spring Data repository scanning in 38ms. Found 0 Redis repository interfaces.
2022-05-26 14:00:32.517  INFO 6788 --- [main] o.s.b.w.embedded.tomcat.TomcatWebServer  : Tomcat initialized with port(s): 8081 (http)
2022-05-26 14:00:32.531  INFO 6788 --- [main] o.apache.catalina.core.StandardService   : Starting service [Tomcat]
2022-05-26 14:00:32.531  INFO 6788 --- [main] org.apache.catalina.core.StandardEngine  : Starting Servlet engine: [Apache Tomcat/9.0.39]
2022-05-26 14:00:32.624  INFO 6788 --- [main] o.a.c.c.C.[Tomcat].[localhost].[/v1]     : Initializing Spring embedded WebApplicationContext
2022-05-26 14:00:32.625  INFO 6788 --- [main] w.s.c.ServletWebServerApplicationContext : Root WebApplicationContext: initialization completed in 8191 ms
2022-05-26 14:00:33.409  INFO 6788 --- [main] org.redisson.Version                     : Redisson 3.15.4
2022-05-26 14:00:33.978  INFO 6788 --- [redisson-netty-2-16] o.r.c.pool.MasterPubSubConnectionPool    : 1 connections initialized for /127.0.0.1:6379
2022-05-26 14:00:34.005  INFO 6788 --- [redisson-netty-2-19] o.r.c.pool.MasterConnectionPool          : 24 connections initialized for /127.0.0.1:6379
2022-05-26 14:00:34.337  INFO 6788 --- [main] c.a.d.s.b.a.DruidDataSourceAutoConfigure : Init DruidDataSource
2022-05-26 14:00:34.471  INFO 6788 --- [main] com.alibaba.druid.pool.DruidDataSource   : {dataSource-1} inited
2022-05-26 14:00:35.295 ERROR 6788 --- [main] c.d.mlife.common.configure.ConfigWebMvc  : org.springframework.http.converter.ByteArrayHttpMessageConverter@3ba46845
2022-05-26 14:00:35.295 ERROR 6788 --- [main] c.d.mlife.common.configure.ConfigWebMvc  : org.springframework.http.converter.StringHttpMessageConverter@47ef5a33
2022-05-26 14:00:35.295 ERROR 6788 --- [main] c.d.mlife.common.configure.ConfigWebMvc  : org.springframework.http.converter.StringHttpMessageConverter@40a28bda
2022-05-26 14:00:35.296 ERROR 6788 --- [main] c.d.mlife.common.configure.ConfigWebMvc  : org.springframework.http.converter.ResourceHttpMessageConverter@592cb470
2022-05-26 14:00:35.296 ERROR 6788 --- [main] c.d.mlife.common.configure.ConfigWebMvc  : org.springframework.http.converter.ResourceRegionHttpMessageConverter@1e6cb932
2022-05-26 14:00:35.296 ERROR 6788 --- [main] c.d.mlife.common.configure.ConfigWebMvc  : org.springframework.http.converter.xml.SourceHttpMessageConverter@6921cfa
2022-05-26 14:00:35.296 ERROR 6788 --- [main] c.d.mlife.common.configure.ConfigWebMvc  : org.springframework.http.converter.support.AllEncompassingFormHttpMessageConverter@523abba9
2022-05-26 14:00:35.296 ERROR 6788 --- [main] c.d.mlife.common.configure.ConfigWebMvc  : org.springframework.http.converter.json.MappingJackson2HttpMessageConverter@28f90752
2022-05-26 14:00:35.297 ERROR 6788 --- [main] c.d.mlife.common.configure.ConfigWebMvc  : org.springframework.http.converter.json.MappingJackson2HttpMessageConverter@6e090aaa
2022-05-26 14:00:35.297 ERROR 6788 --- [main] c.d.mlife.common.configure.ConfigWebMvc  : org.springframework.http.converter.xml.MappingJackson2XmlHttpMessageConverter@6a278584
2022-05-26 14:00:35.297 ERROR 6788 --- [main] c.d.mlife.common.configure.ConfigWebMvc  : org.springframework.http.converter.xml.MappingJackson2XmlHttpMessageConverter@15d79b70
2022-05-26 14:00:35.326  INFO 6788 --- [main] o.s.s.concurrent.ThreadPoolTaskExecutor  : Initializing ExecutorService 'applicationTaskExecutor'
2022-05-26 14:00:35.870  INFO 6788 --- [main] o.s.s.c.ThreadPoolTaskScheduler          : Initializing ExecutorService
2022-05-26 14:00:36.217  INFO 6788 --- [main] t.m.m.autoconfigure.MapperCacheDisabler  : Clear tk.mybatis.mapper.util.MsUtil CLASS_CACHE cache.
2022-05-26 14:00:36.218  INFO 6788 --- [main] t.m.m.autoconfigure.MapperCacheDisabler  : Clear tk.mybatis.mapper.genid.GenIdUtil CACHE cache.
2022-05-26 14:00:36.219  INFO 6788 --- [main] t.m.m.autoconfigure.MapperCacheDisabler  : Clear tk.mybatis.mapper.version.VersionUtil CACHE cache.
2022-05-26 14:00:36.219  INFO 6788 --- [main] t.m.m.autoconfigure.MapperCacheDisabler  : Clear EntityHelper entityTableMap cache.
2022-05-26 14:00:36.226  INFO 6788 --- [main] o.s.b.a.e.web.EndpointLinksResolver      : Exposing 14 endpoint(s) beneath base path '/actuator'
2022-05-26 14:00:36.301  INFO 6788 --- [main] o.s.b.w.embedded.tomcat.TomcatWebServer  : Tomcat started on port(s): 8081 (http) with context path '/v1'
2022-05-26 14:00:36.319  INFO 6788 --- [main] c.d.m.billingservice.BillingApplication  : Started BillingApplication in 13.051 seconds (JVM running for 15.033)
2022-05-26 14:00:36.550  WARN 6788 --- [registrationTask1] d.c.b.a.c.r.ApplicationRegistrator       : Failed to register application as Application(name=billing-service, managementUrl=http://127.0.0.1:8081/v1/actuator, healthUrl=http://127.0.0.1:8081/v1/actuator/health, serviceUrl=http://127.0.0.1:8081/v1) at spring-boot-admin ([http://localhost:8769/instances]): I/O error on POST request for "http://localhost:8769/instances": Connection refused (Connection refused); nested exception is java.net.ConnectException: Connection refused (Connection refused). Further attempts are logged on DEBUG level
2022-05-26 14:00:47.852  INFO 6788 --- [SpringContextShutdownHook] com.dhy.mlife.common.configure.MyFilter  : --- FilterResponseTime destroy ---
2022-05-26 14:00:47.940  INFO 6788 --- [SpringContextShutdownHook] o.s.s.c.ThreadPoolTaskScheduler          : Shutting down ExecutorService
2022-05-26 14:00:47.943  INFO 6788 --- [SpringContextShutdownHook] o.s.s.concurrent.ThreadPoolTaskExecutor  : Shutting down ExecutorService 'applicationTaskExecutor'
2022-05-26 14:00:47.947  INFO 6788 --- [SpringContextShutdownHook] com.alibaba.druid.pool.DruidDataSource   : {dataSource-1} closing ...
2022-05-26 14:00:47.961  INFO 6788 --- [SpringContextShutdownHook] com.alibaba.druid.pool.DruidDataSource   : {dataSource-1} closed
2022-05-26 14:00:53.339  INFO 6794 --- [main] c.d.m.billingservice.BillingApplication  : Starting BillingApplication on makeboluo.local with PID 6794 (/Users/lvaolin/code_github.com/study/fighting-framework/spring-boot-starter-demo/dhy-billing-service/target/classes started by lvaolin in /Users/lvaolin/code_github.com/study/fighting-framework/spring-boot-starter-demo)
2022-05-26 14:00:53.345  INFO 6794 --- [main] c.d.m.billingservice.BillingApplication  : No active profile set, falling back to default profiles: default
2022-05-26 14:01:19.155  INFO 6794 --- [main] .s.d.r.c.RepositoryConfigurationDelegate : Multiple Spring Data modules found, entering strict repository configuration mode!
2022-05-26 14:01:19.157  INFO 6794 --- [main] .s.d.r.c.RepositoryConfigurationDelegate : Bootstrapping Spring Data Redis repositories in DEFAULT mode.
2022-05-26 14:01:19.204  INFO 6794 --- [main] .s.d.r.c.RepositoryConfigurationDelegate : Finished Spring Data repository scanning in 29ms. Found 0 Redis repository interfaces.
2022-05-26 14:01:20.029  INFO 6794 --- [main] o.s.b.w.embedded.tomcat.TomcatWebServer  : Tomcat initialized with port(s): 8081 (http)
2022-05-26 14:01:20.041  INFO 6794 --- [main] o.apache.catalina.core.StandardService   : Starting service [Tomcat]
2022-05-26 14:01:20.041  INFO 6794 --- [main] org.apache.catalina.core.StandardEngine  : Starting Servlet engine: [Apache Tomcat/9.0.39]
2022-05-26 14:01:20.128  INFO 6794 --- [main] o.a.c.c.C.[Tomcat].[localhost].[/v1]     : Initializing Spring embedded WebApplicationContext
2022-05-26 14:01:20.128  INFO 6794 --- [main] w.s.c.ServletWebServerApplicationContext : Root WebApplicationContext: initialization completed in 26625 ms
2022-05-26 14:01:20.918  INFO 6794 --- [main] org.redisson.Version                     : Redisson 3.15.4
2022-05-26 14:01:21.611  INFO 6794 --- [redisson-netty-2-19] o.r.c.pool.MasterPubSubConnectionPool    : 1 connections initialized for /127.0.0.1:6379
2022-05-26 14:01:21.642  INFO 6794 --- [redisson-netty-2-19] o.r.c.pool.MasterConnectionPool          : 24 connections initialized for /127.0.0.1:6379
2022-05-26 14:01:21.900  INFO 6794 --- [main] c.a.d.s.b.a.DruidDataSourceAutoConfigure : Init DruidDataSource
2022-05-26 14:01:22.048  INFO 6794 --- [main] com.alibaba.druid.pool.DruidDataSource   : {dataSource-1} inited
2022-05-26 14:01:23.295 ERROR 6794 --- [main] c.d.mlife.common.configure.ConfigWebMvc  : org.springframework.http.converter.ByteArrayHttpMessageConverter@2fa879ed
2022-05-26 14:01:23.296 ERROR 6794 --- [main] c.d.mlife.common.configure.ConfigWebMvc  : org.springframework.http.converter.StringHttpMessageConverter@7bdb4f17
2022-05-26 14:01:23.296 ERROR 6794 --- [main] c.d.mlife.common.configure.ConfigWebMvc  : org.springframework.http.converter.StringHttpMessageConverter@2b2b7e3c
2022-05-26 14:01:23.296 ERROR 6794 --- [main] c.d.mlife.common.configure.ConfigWebMvc  : org.springframework.http.converter.ResourceHttpMessageConverter@3ec082a1
2022-05-26 14:01:23.297 ERROR 6794 --- [main] c.d.mlife.common.configure.ConfigWebMvc  : org.springframework.http.converter.ResourceRegionHttpMessageConverter@7a3c99f1
2022-05-26 14:01:23.297 ERROR 6794 --- [main] c.d.mlife.common.configure.ConfigWebMvc  : org.springframework.http.converter.xml.SourceHttpMessageConverter@16b7e04a
2022-05-26 14:01:23.297 ERROR 6794 --- [main] c.d.mlife.common.configure.ConfigWebMvc  : org.springframework.http.converter.support.AllEncompassingFormHttpMessageConverter@661db63e
2022-05-26 14:01:23.297 ERROR 6794 --- [main] c.d.mlife.common.configure.ConfigWebMvc  : org.springframework.http.converter.json.MappingJackson2HttpMessageConverter@1fbd5e0
2022-05-26 14:01:23.297 ERROR 6794 --- [main] c.d.mlife.common.configure.ConfigWebMvc  : org.springframework.http.converter.json.MappingJackson2HttpMessageConverter@5cf2f5d6
2022-05-26 14:01:23.297 ERROR 6794 --- [main] c.d.mlife.common.configure.ConfigWebMvc  : org.springframework.http.converter.xml.MappingJackson2XmlHttpMessageConverter@77856cc5
2022-05-26 14:01:23.298 ERROR 6794 --- [main] c.d.mlife.common.configure.ConfigWebMvc  : org.springframework.http.converter.xml.MappingJackson2XmlHttpMessageConverter@429f0ca8
2022-05-26 14:01:23.319  INFO 6794 --- [main] o.s.s.concurrent.ThreadPoolTaskExecutor  : Initializing ExecutorService 'applicationTaskExecutor'
2022-05-26 14:01:23.721  INFO 6794 --- [main] o.s.s.c.ThreadPoolTaskScheduler          : Initializing ExecutorService
2022-05-26 14:01:24.008  INFO 6794 --- [main] t.m.m.autoconfigure.MapperCacheDisabler  : Clear tk.mybatis.mapper.util.MsUtil CLASS_CACHE cache.
2022-05-26 14:01:24.009  INFO 6794 --- [main] t.m.m.autoconfigure.MapperCacheDisabler  : Clear tk.mybatis.mapper.genid.GenIdUtil CACHE cache.
2022-05-26 14:01:24.010  INFO 6794 --- [main] t.m.m.autoconfigure.MapperCacheDisabler  : Clear tk.mybatis.mapper.version.VersionUtil CACHE cache.
2022-05-26 14:01:24.010  INFO 6794 --- [main] t.m.m.autoconfigure.MapperCacheDisabler  : Clear EntityHelper entityTableMap cache.
2022-05-26 14:01:24.020  INFO 6794 --- [main] o.s.b.a.e.web.EndpointLinksResolver      : Exposing 14 endpoint(s) beneath base path '/actuator'
2022-05-26 14:01:24.086  INFO 6794 --- [main] o.s.b.w.embedded.tomcat.TomcatWebServer  : Tomcat started on port(s): 8081 (http) with context path '/v1'
2022-05-26 14:01:24.106  INFO 6794 --- [main] c.d.m.billingservice.BillingApplication  : Started BillingApplication in 31.661 seconds (JVM running for 33.491)
2022-05-26 14:01:24.125  INFO 6794 --- [SpringContextShutdownHook] com.dhy.mlife.common.configure.MyFilter  : --- FilterResponseTime destroy ---
2022-05-26 14:01:24.181  INFO 6794 --- [SpringContextShutdownHook] o.s.s.c.ThreadPoolTaskScheduler          : Shutting down ExecutorService
2022-05-26 14:01:24.182  INFO 6794 --- [SpringContextShutdownHook] o.s.s.concurrent.ThreadPoolTaskExecutor  : Shutting down ExecutorService 'applicationTaskExecutor'
2022-05-26 14:01:24.184  INFO 6794 --- [SpringContextShutdownHook] com.alibaba.druid.pool.DruidDataSource   : {dataSource-1} closing ...
2022-05-26 14:01:24.185  INFO 6794 --- [SpringContextShutdownHook] com.alibaba.druid.pool.DruidDataSource   : {dataSource-1} closed
2022-05-26 14:01:29.961  INFO 6809 --- [main] c.d.m.billingservice.BillingApplication  : Starting BillingApplication on makeboluo.local with PID 6809 (/Users/lvaolin/code_github.com/study/fighting-framework/spring-boot-starter-demo/dhy-billing-service/target/classes started by lvaolin in /Users/lvaolin/code_github.com/study/fighting-framework/spring-boot-starter-demo)
2022-05-26 14:01:29.966  INFO 6809 --- [main] c.d.m.billingservice.BillingApplication  : No active profile set, falling back to default profiles: default
2022-05-26 14:01:53.814  INFO 6809 --- [main] .s.d.r.c.RepositoryConfigurationDelegate : Multiple Spring Data modules found, entering strict repository configuration mode!
2022-05-26 14:01:53.817  INFO 6809 --- [main] .s.d.r.c.RepositoryConfigurationDelegate : Bootstrapping Spring Data Redis repositories in DEFAULT mode.
2022-05-26 14:01:53.863  INFO 6809 --- [main] .s.d.r.c.RepositoryConfigurationDelegate : Finished Spring Data repository scanning in 29ms. Found 0 Redis repository interfaces.
2022-05-26 14:01:54.903  INFO 6809 --- [main] o.s.b.w.embedded.tomcat.TomcatWebServer  : Tomcat initialized with port(s): 8081 (http)
2022-05-26 14:01:54.915  INFO 6809 --- [main] o.apache.catalina.core.StandardService   : Starting service [Tomcat]
2022-05-26 14:01:54.915  INFO 6809 --- [main] org.apache.catalina.core.StandardEngine  : Starting Servlet engine: [Apache Tomcat/9.0.39]
2022-05-26 14:01:55.006  INFO 6809 --- [main] o.a.c.c.C.[Tomcat].[localhost].[/v1]     : Initializing Spring embedded WebApplicationContext
2022-05-26 14:01:55.007  INFO 6809 --- [main] w.s.c.ServletWebServerApplicationContext : Root WebApplicationContext: initialization completed in 24953 ms
2022-05-26 14:01:55.722  INFO 6809 --- [main] org.redisson.Version                     : Redisson 3.15.4
2022-05-26 14:01:56.171  INFO 6809 --- [redisson-netty-2-13] o.r.c.pool.MasterPubSubConnectionPool    : 1 connections initialized for /127.0.0.1:6379
2022-05-26 14:01:56.198  INFO 6809 --- [redisson-netty-2-19] o.r.c.pool.MasterConnectionPool          : 24 connections initialized for /127.0.0.1:6379
2022-05-26 14:01:56.414  INFO 6809 --- [main] c.a.d.s.b.a.DruidDataSourceAutoConfigure : Init DruidDataSource
2022-05-26 14:01:56.520  INFO 6809 --- [main] com.alibaba.druid.pool.DruidDataSource   : {dataSource-1} inited
2022-05-26 14:01:57.190 ERROR 6809 --- [main] c.d.mlife.common.configure.ConfigWebMvc  : org.springframework.http.converter.ByteArrayHttpMessageConverter@1b444b5
2022-05-26 14:01:57.191 ERROR 6809 --- [main] c.d.mlife.common.configure.ConfigWebMvc  : org.springframework.http.converter.StringHttpMessageConverter@4fea5ee0
2022-05-26 14:01:57.191 ERROR 6809 --- [main] c.d.mlife.common.configure.ConfigWebMvc  : org.springframework.http.converter.StringHttpMessageConverter@459bf87c
2022-05-26 14:01:57.191 ERROR 6809 --- [main] c.d.mlife.common.configure.ConfigWebMvc  : org.springframework.http.converter.ResourceHttpMessageConverter@5ae66c98
2022-05-26 14:01:57.191 ERROR 6809 --- [main] c.d.mlife.common.configure.ConfigWebMvc  : org.springframework.http.converter.ResourceRegionHttpMessageConverter@1aaf46e6
2022-05-26 14:01:57.191 ERROR 6809 --- [main] c.d.mlife.common.configure.ConfigWebMvc  : org.springframework.http.converter.xml.SourceHttpMessageConverter@391d28ea
2022-05-26 14:01:57.192 ERROR 6809 --- [main] c.d.mlife.common.configure.ConfigWebMvc  : org.springframework.http.converter.support.AllEncompassingFormHttpMessageConverter@23df7fad
2022-05-26 14:01:57.192 ERROR 6809 --- [main] c.d.mlife.common.configure.ConfigWebMvc  : org.springframework.http.converter.json.MappingJackson2HttpMessageConverter@6630dd28
2022-05-26 14:01:57.192 ERROR 6809 --- [main] c.d.mlife.common.configure.ConfigWebMvc  : org.springframework.http.converter.json.MappingJackson2HttpMessageConverter@4ab455e2
2022-05-26 14:01:57.192 ERROR 6809 --- [main] c.d.mlife.common.configure.ConfigWebMvc  : org.springframework.http.converter.xml.MappingJackson2XmlHttpMessageConverter@65f5cae3
2022-05-26 14:01:57.192 ERROR 6809 --- [main] c.d.mlife.common.configure.ConfigWebMvc  : org.springframework.http.converter.xml.MappingJackson2XmlHttpMessageConverter@2acca224
2022-05-26 14:01:57.214  INFO 6809 --- [main] o.s.s.concurrent.ThreadPoolTaskExecutor  : Initializing ExecutorService 'applicationTaskExecutor'
2022-05-26 14:01:57.695  INFO 6809 --- [main] o.s.s.c.ThreadPoolTaskScheduler          : Initializing ExecutorService
2022-05-26 14:01:57.994  INFO 6809 --- [main] t.m.m.autoconfigure.MapperCacheDisabler  : Clear tk.mybatis.mapper.util.MsUtil CLASS_CACHE cache.
2022-05-26 14:01:57.996  INFO 6809 --- [main] t.m.m.autoconfigure.MapperCacheDisabler  : Clear tk.mybatis.mapper.genid.GenIdUtil CACHE cache.
2022-05-26 14:01:57.997  INFO 6809 --- [main] t.m.m.autoconfigure.MapperCacheDisabler  : Clear tk.mybatis.mapper.version.VersionUtil CACHE cache.
2022-05-26 14:01:57.997  INFO 6809 --- [main] t.m.m.autoconfigure.MapperCacheDisabler  : Clear EntityHelper entityTableMap cache.
2022-05-26 14:01:58.004  INFO 6809 --- [main] o.s.b.a.e.web.EndpointLinksResolver      : Exposing 14 endpoint(s) beneath base path '/actuator'
2022-05-26 14:01:58.092  INFO 6809 --- [main] o.s.b.w.embedded.tomcat.TomcatWebServer  : Tomcat started on port(s): 8081 (http) with context path '/v1'
2022-05-26 14:01:58.110  INFO 6809 --- [main] c.d.m.billingservice.BillingApplication  : Started BillingApplication in 29.209 seconds (JVM running for 31.219)
2022-05-26 14:01:58.384  WARN 6809 --- [registrationTask1] d.c.b.a.c.r.ApplicationRegistrator       : Failed to register application as Application(name=billing-service, managementUrl=http://127.0.0.1:8081/v1/actuator, healthUrl=http://127.0.0.1:8081/v1/actuator/health, serviceUrl=http://127.0.0.1:8081/v1) at spring-boot-admin ([http://localhost:8769/instances]): I/O error on POST request for "http://localhost:8769/instances": Connection refused (Connection refused); nested exception is java.net.ConnectException: Connection refused (Connection refused). Further attempts are logged on DEBUG level
2022-05-26 14:02:15.775  INFO 6809 --- [http-nio-8081-exec-1] o.a.c.c.C.[Tomcat].[localhost].[/v1]     : Initializing Spring DispatcherServlet 'dispatcherServlet'
2022-05-26 14:02:15.776  INFO 6809 --- [http-nio-8081-exec-1] o.s.web.servlet.DispatcherServlet        : Initializing Servlet 'dispatcherServlet'
2022-05-26 14:02:15.796  INFO 6809 --- [http-nio-8081-exec-1] o.s.web.servlet.DispatcherServlet        : Completed initialization in 19 ms
2022-05-26 14:02:15.889  INFO 6809 --- [http-nio-8081-exec-1] c.d.m.common.interceptor.MyInterceptor   : from url:id,1
2022-05-26 14:02:15.889  WARN 6809 --- [http-nio-8081-exec-1] c.d.m.common.interceptor.MyInterceptor   : id
2022-05-26 14:02:15.890  INFO 6809 --- [http-nio-8081-exec-1] c.d.m.common.interceptor.MyInterceptor   : 拦截器前置动作
2022-05-26 14:02:15.930  INFO 6809 --- [http-nio-8081-exec-1] com.dhy.mlife.common.aop.ControllerAop   : ----参数注入-----
2022-05-26 14:02:16.317  INFO 6809 --- [http-nio-8081-exec-1] c.d.m.common.interceptor.MyInterceptor   : 拦截器后置动作
2022-05-26 14:02:16.321 ERROR 6809 --- [http-nio-8081-exec-1] com.dhy.mlife.common.configure.MyFilter  : /v1/get耗时509ms
2022-05-26 14:02:25.771  INFO 6809 --- [http-nio-8081-exec-3] c.d.m.common.interceptor.MyInterceptor   : from url:key,name
2022-05-26 14:02:25.772  WARN 6809 --- [http-nio-8081-exec-3] c.d.m.common.interceptor.MyInterceptor   : key
2022-05-26 14:02:25.773  INFO 6809 --- [http-nio-8081-exec-3] c.d.m.common.interceptor.MyInterceptor   : from url:value,lvaolin
2022-05-26 14:02:25.774  WARN 6809 --- [http-nio-8081-exec-3] c.d.m.common.interceptor.MyInterceptor   : value
2022-05-26 14:02:25.774  INFO 6809 --- [http-nio-8081-exec-3] c.d.m.common.interceptor.MyInterceptor   : 拦截器前置动作
2022-05-26 14:02:25.826  INFO 6809 --- [http-nio-8081-exec-3] com.dhy.mlife.common.aop.ControllerAop   : ----参数注入-----
2022-05-26 14:02:58.536  INFO 6809 --- [http-nio-8081-exec-3] com.dhy.mlife.cache.impl.CacheService    : CacheTablePo(key=name, value=lvaolin)
2022-05-26 14:03:05.475  INFO 6809 --- [http-nio-8081-exec-3] c.d.m.common.interceptor.MyInterceptor   : 拦截器后置动作
2022-05-26 14:03:05.476 ERROR 6809 --- [http-nio-8081-exec-3] com.dhy.mlife.common.configure.MyFilter  : /v1/setCache耗时39708ms
2022-05-26 14:04:24.810  INFO 6809 --- [SpringContextShutdownHook] com.dhy.mlife.common.configure.MyFilter  : --- FilterResponseTime destroy ---
2022-05-26 14:04:24.902  INFO 6809 --- [SpringContextShutdownHook] o.s.s.c.ThreadPoolTaskScheduler          : Shutting down ExecutorService
2022-05-26 14:04:24.907  INFO 6809 --- [SpringContextShutdownHook] o.s.s.concurrent.ThreadPoolTaskExecutor  : Shutting down ExecutorService 'applicationTaskExecutor'
2022-05-26 14:04:24.913  INFO 6809 --- [SpringContextShutdownHook] com.alibaba.druid.pool.DruidDataSource   : {dataSource-1} closing ...
2022-05-26 14:04:24.929  INFO 6809 --- [SpringContextShutdownHook] com.alibaba.druid.pool.DruidDataSource   : {dataSource-1} closed
